2018-09-11 17:57:02,602 CRIT Supervisor running as root (no user in config file)
2018-09-11 17:57:02,603 WARN Included extra file "/etc/supervisor/conf.d/sshd.conf" during parsing
2018-09-11 17:57:02,604 WARN Included extra file "/etc/supervisor/conf.d/vsftpd.conf" during parsing
2018-09-11 17:57:02,616 INFO RPC interface 'supervisor' initialized
2018-09-11 17:57:02,616 CRIT Server 'unix_http_server' running without any HTTP authentication checking
2018-09-11 17:57:02,617 INFO supervisord started with pid 8
2018-09-11 17:57:03,619 INFO spawned: 'vsftpd' with pid 11
2018-09-11 17:57:03,621 INFO spawned: 'sshd' with pid 12
2018-09-11 17:57:04,622 INFO success: vsftpd entered RUNNING state, process has stayed up for > than 1 seconds (startsecs)
2018-09-11 17:57:04,623 INFO success: sshd entered RUNNING state, process has stayed up for > than 1 seconds (startsecs)
2018-09-11 18:13:15,300 CRIT Supervisor running as root (no user in config file)
2018-09-11 18:13:15,300 WARN Included extra file "/etc/supervisor/conf.d/sshd.conf" during parsing
2018-09-11 18:13:15,300 WARN Included extra file "/etc/supervisor/conf.d/vsftpd.conf" during parsing
2018-09-11 18:13:15,311 INFO RPC interface 'supervisor' initialized
2018-09-11 18:13:15,311 CRIT Server 'unix_http_server' running without any HTTP authentication checking
2018-09-11 18:13:15,312 INFO supervisord started with pid 8
2018-09-11 18:13:16,314 INFO spawned: 'vsftpd' with pid 11
2018-09-11 18:13:16,316 INFO spawned: 'sshd' with pid 12
2018-09-11 18:13:17,317 INFO success: vsftpd entered RUNNING state, process has stayed up for > than 1 seconds (startsecs)
2018-09-11 18:13:17,317 INFO success: sshd entered RUNNING state, process has stayed up for > than 1 seconds (startsecs)
